::1 - - [19/Mar/2018:14:41:32 +0000] "GET / HTTP/1.1" 200 31
::1 - - [19/Mar/2018:14:41:34 +0000] "GET /favicon.ico HTTP/1.1" 404 150
::1 - - [19/Mar/2018:14:41:57 +0000] "GET /api/files HTTP/1.1" 200 139
::1 - - [19/Mar/2018:14:41:59 +0000] "GET /favicon.ico HTTP/1.1" 404 150
::1 - - [19/Mar/2018:14:55:07 +0000] "GET /api/files HTTP/1.1" 500 1560
::1 - - [19/Mar/2018:14:55:21 +0000] "GET /api/files HTTP/1.1" 500 1540
::1 - - [19/Mar/2018:14:55:36 +0000] "GET /api/files HTTP/1.1" 500 1560
::1 - - [19/Mar/2018:14:56:33 +0000] "GET /api/files HTTP/1.1" 500 1542
::1 - - [19/Mar/2018:14:56:50 +0000] "GET /api/files HTTP/1.1" 500 1542
::1 - - [19/Mar/2018:14:57:34 +0000] "GET /api/files HTTP/1.1" 500 1543
::1 - - [19/Mar/2018:14:58:42 +0000] "GET /api/files HTTP/1.1" 500 1530
::1 - - [19/Mar/2018:14:58:53 +0000] "GET /api/files HTTP/1.1" 500 1455
::1 - - [19/Mar/2018:14:59:54 +0000] "GET /api/files HTTP/1.1" 200 2
::1 - - [19/Mar/2018:15:00:59 +0000] "GET /api/files HTTP/1.1" 304 -
::1 - - [19/Mar/2018:15:01:15 +0000] "GET /api/files HTTP/1.1" 304 -
::1 - - [19/Mar/2018:15:02:02 +0000] "GET /api/files HTTP/1.1" 304 -
::1 - - [19/Mar/2018:15:02:07 +0000] "GET /api/files HTTP/1.1" 304 -
::1 - - [19/Mar/2018:15:05:44 +0000] "GET /api/files HTTP/1.1" 500 1474
::1 - - [19/Mar/2018:15:06:18 +0000] "GET /api/files HTTP/1.1" 200 2
::1 - - [19/Mar/2018:15:06:20 +0000] "GET /api/files HTTP/1.1" 304 -
::1 - - [19/Mar/2018:15:07:13 +0000] "GET /api/files HTTP/1.1" 304 -
::1 - - [19/Mar/2018:15:07:14 +0000] "GET /api/files HTTP/1.1" 304 -
::1 - - [19/Mar/2018:15:07:15 +0000] "GET /api/files HTTP/1.1" 304 -
::1 - - [19/Mar/2018:15:07:16 +0000] "GET /api/files HTTP/1.1" 304 -
::1 - - [19/Mar/2018:15:07:27 +0000] "GET /api/files HTTP/1.1" 304 -
::1 - - [19/Mar/2018:15:09:37 +0000] "GET /api/files HTTP/1.1" 304 -
::1 - - [19/Mar/2018:15:11:15 +0000] "GET /api/files HTTP/1.1" 304 -
::1 - - [19/Mar/2018:15:11:16 +0000] "GET /api/files HTTP/1.1" 304 -
::1 - - [19/Mar/2018:15:13:25 +0000] "GET /api/files HTTP/1.1" 304 -
::1 - - [19/Mar/2018:15:14:09 +0000] "GET /api/files HTTP/1.1" 500 1549
::1 - - [19/Mar/2018:15:14:22 +0000] "GET /api/files HTTP/1.1" 200 2
::1 - - [19/Mar/2018:15:14:30 +0000] "GET /api/files HTTP/1.1" 304 -
::1 - - [19/Mar/2018:15:15:28 +0000] "GET /api/files HTTP/1.1" 304 -
::1 - - [19/Mar/2018:15:15:47 +0000] "GET /api/files HTTP/1.1" 304 -
::1 - - [19/Mar/2018:15:16:13 +0000] "GET /api/files HTTP/1.1" 304 -
::1 - - [19/Mar/2018:15:16:31 +0000] "GET / HTTP/1.1" 404 139
::1 - - [19/Mar/2018:15:16:41 +0000] "GET /api/files/ HTTP/1.1" 200 2
::1 - - [19/Mar/2018:15:16:55 +0000] "GET /api/files/ HTTP/1.1" 200 19
::1 - - [19/Mar/2018:15:17:32 +0000] "GET /api/files HTTP/1.1" 200 19
::1 - - [19/Mar/2018:15:17:33 +0000] "GET /favicon.ico HTTP/1.1" 404 150
::1 - - [19/Mar/2018:15:17:55 +0000] "GET /api/files HTTP/1.1" 304 -
::1 - - [19/Mar/2018:15:18:09 +0000] "GET /api/files HTTP/1.1" 200 2
::1 - - [19/Mar/2018:15:18:10 +0000] "GET /api/files HTTP/1.1" 304 -
::1 - - [19/Mar/2018:15:18:31 +0000] "GET /api/files HTTP/1.1" 304 -
::1 - - [19/Mar/2018:15:18:49 +0000] "GET /api/files HTTP/1.1" 304 -
::1 - - [19/Mar/2018:15:19:24 +0000] "GET /api/files HTTP/1.1" 200 149
::1 - - [19/Mar/2018:15:24:56 +0000] "GET /api/files HTTP/1.1" 200 2
::1 - - [19/Mar/2018:15:25:06 +0000] "GET /api/files HTTP/1.1" 304 -
::1 - - [19/Mar/2018:15:25:18 +0000] "GET /api/files HTTP/1.1" 304 -
::1 - - [19/Mar/2018:15:25:46 +0000] "GET /api/files HTTP/1.1" 304 -
::1 - - [19/Mar/2018:15:25:48 +0000] "GET /api/files HTTP/1.1" 304 -
::1 - - [19/Mar/2018:15:33:09 +0000] "GET /api/files HTTP/1.1" 200 30
::1 - - [19/Mar/2018:15:33:36 +0000] "GET /api/files HTTP/1.1" 304 -
::1 - - [19/Mar/2018:15:33:38 +0000] "GET /api/files HTTP/1.1" 304 -
::1 - - [19/Mar/2018:15:34:20 +0000] "GET /api/files HTTP/1.1" 304 -
::1 - - [19/Mar/2018:15:35:48 +0000] "GET /api/files HTTP/1.1" 401 147
::1 - - [19/Mar/2018:15:35:48 +0000] "GET /api/files HTTP/1.1" 401 147
::1 - - [19/Mar/2018:15:35:50 +0000] "GET /api/files HTTP/1.1" 401 147
::1 - - [19/Mar/2018:15:36:17 +0000] "GET /api/files HTTP/1.1" 401 147
::1 - - [19/Mar/2018:15:36:36 +0000] "GET /api/files HTTP/1.1" 200 30
::1 - - [20/Mar/2018:02:44:44 +0000] "GET /api/files HTTP/1.1" 200 30
::1 - - [20/Mar/2018:02:50:36 +0000] "GET /api/files HTTP/1.1" 200 106
::1 - - [20/Mar/2018:02:50:36 +0000] "GET /favicon.ico HTTP/1.1" 404 150
::1 - - [22/Mar/2018:02:17:26 +0000] "GET /api/files/registrar HTTP/1.1" 200 2
::1 - - [22/Mar/2018:02:17:26 +0000] "GET /favicon.ico HTTP/1.1" 404 150
::1 - - [22/Mar/2018:02:17:26 +0000] "GET /favicon.ico HTTP/1.1" 404 150
::1 - - [22/Mar/2018:02:18:11 +0000] "GET /api/files/registrar HTTP/1.1" 200 65
::1 - - [22/Mar/2018:02:18:25 +0000] "GET /api/files/registrar HTTP/1.1" 200 65
::1 - - [22/Mar/2018:02:40:04 +0000] "GET /api/files/registrar HTTP/1.1" 200 29
::1 - - [22/Mar/2018:02:54:55 +0000] "GET /api/files/registrar HTTP/1.1" 200 120
::1 - - [22/Mar/2018:02:55:38 +0000] "GET /api/files/registrar HTTP/1.1" 304 -
::1 - - [22/Mar/2018:02:55:52 +0000] "GET /api/files/registrar HTTP/1.1" 200 29
::1 - - [22/Mar/2018:02:55:59 +0000] "GET /api/files/registrar HTTP/1.1" 200 79
::1 - - [22/Mar/2018:02:58:06 +0000] "GET /api/files/registrar HTTP/1.1" 304 -
::1 - - [22/Mar/2018:02:59:25 +0000] "GET /api/files/registrar HTTP/1.1" 200 29
::1 - - [22/Mar/2018:03:00:05 +0000] "GET /api/files/registrar HTTP/1.1" 304 -
::1 - - [22/Mar/2018:03:00:13 +0000] "GET /api/files/registrar HTTP/1.1" 304 -
::1 - - [22/Mar/2018:03:08:10 +0000] "GET /api/files/registrar HTTP/1.1" 304 -
::1 - - [22/Mar/2018:03:08:27 +0000] "GET /api/files/registrar HTTP/1.1" 304 -
::1 - - [22/Mar/2018:03:08:29 +0000] "GET /api/files/registrar HTTP/1.1" 304 -
::1 - - [22/Mar/2018:03:08:38 +0000] "GET /api/files/registrar HTTP/1.1" 304 -
::1 - - [22/Mar/2018:07:34:58 +0000] "GET /files/api/registrar HTTP/1.1" 404 158
::1 - - [22/Mar/2018:07:35:16 +0000] "GET /api/files/registrar HTTP/1.1" 200 51
